gen_codeforces_md.py : 2023-01-16 15:40:49.696017
Number of accepted problem : 6
Number of on-going problem : 0
Total : 6

delete_exe.py : 2023-01-16 15:45:12.290189
No .exe file in C:/Users/jiray/Desktop/Algorithm Design/grader

delete_exe.py : 2023-01-16 15:45:13.785650
No .exe file in C:/Users/jiray/Desktop/Algorithm Design/grader

delete_exe.py : 2023-01-16 15:45:19.199479
No .exe file in C:/Users/jiray/Desktop/Algorithm Design/grader

delete_exe.py : 2023-01-16 15:45:19.884538
No .exe file in C:/Users/jiray/Desktop/Algorithm Design/grader

gen_codeforces_md.py : 2023-01-16 15:46:12.909250
Number of accepted problem : 6
Number of on-going problem : 0
Total : 6

gen_codeforces_md.py : 2023-01-19 16:56:52.461167
Number of accepted problem : 6
Number of on-going problem : 0
Total : 6

gen_codeforces_md.py : 2023-01-19 17:47:55.114618
Number of problem : 6
Number of C problem : 0
Number of C++ problem : 5
Number of Python problem : 1
Number of solved problem : 6
Number of unsolved problem : 0

gen_codeforces_md.py : 2023-01-19 17:48:33.255247
Number of accepted problem : 6
Number of on-going problem : 0
Total : 6

gen_codeforces_md.py : 2023-01-19 17:48:33.389239
Number of problem : 6
Number of C problem : 0
Number of C++ problem : 5
Number of Python problem : 1
Number of solved problem : 6
Number of unsolved problem : 0

gen_codeforces_md.py : 2023-01-19 17:49:07.148728
Number of problem : 6
Number of C problem : 0
Number of C++ problem : 5
Number of Python problem : 1
Number of solved problem : 6
Number of unsolved problem : 0

gen_codeforces_md.py : 2023-01-19 17:49:22.805105
Number of accepted problem : 6
Number of on-going problem : 0
Total : 6

gen_codeforces_md.py : 2023-01-19 17:49:22.942092
Number of problem : 6
Number of C problem : 0
Number of C++ problem : 5
Number of Python problem : 1
Number of solved problem : 6
Number of unsolved problem : 0

gen_codeforces_md.py : 2023-01-19 17:50:04.377703
Number of accepted problem : 6
Number of on-going problem : 0
Total : 6

gen_grader_md.py : 2023-01-19 17:50:04.508031
Number of problem : 6
Number of C problem : 0
Number of C++ problem : 5
Number of Python problem : 1
Number of solved problem : 6
Number of unsolved problem : 0

gen_codeforces_md.py : 2023-01-19 17:59:28.762626
Number of accepted problem : 6
Number of on-going problem : 0
Total : 6

gen_grader_md.py : 2023-01-19 17:59:28.894656
Number of problem : 6
Number of C problem : 0
Number of C++ problem : 5
Number of Python problem : 1
Number of solved problem : 6
Number of unsolved problem : 0

